<?xml version="1.0" encoding="UTF-8"?>
<!-- Generated by org.testng.reporters.JUnitReportReporter -->
<testsuite hostname="DESKTOP-SV9CFRI" failures="0" tests="3" name="com.herokuapp.theinternet.LoginTests" time="40.523" errors="0" timestamp="2023-08-09T17:43:35 IST" skipped="0">
  <testcase classname="com.herokuapp.theinternet.LoginTests" name="positiveLoginTest" time="17.605"/>
  <testcase classname="com.herokuapp.theinternet.LoginTests" name="negativeLoginTest" time="11.078"/>
  <testcase classname="com.herokuapp.theinternet.LoginTests" name="negativeLoginTest" time="11.840"/>
</testsuite> <!-- com.herokuapp.theinternet.LoginTests -->
